This file contains any messages produced by compilers while
running configure, to aid debugging if configure makes a mistake.

It was created by Roman Numerals configure 1.0, which was
generated by GNU Autoconf 2.69.  Invocation command line was

  $ ./configure 

## --------- ##
## Platform. ##
## --------- ##

hostname = PillartlogysMBP.PK5001Z
uname -m = x86_64
uname -r = 15.0.0
uname -s = Darwin
uname -v = Darwin Kernel Version 15.0.0: Sat Sep 19 15:53:46 PDT 2015; root:xnu-3247.10.11~1/RELEASE_X86_64

/usr/bin/uname -p = i386
/bin/uname -X     = unknown

/bin/arch              = unknown
/usr/bin/arch -k       = unknown
/usr/convex/getsysinfo = unknown
/usr/bin/hostinfo      = Mach kernel version:
	 Darwin Kernel Version 15.0.0: Sat Sep 19 15:53:46 PDT 2015; root:xnu-3247.10.11~1/RELEASE_X86_64
Kernel configured for up to 8 processors.
4 processors are physically available.
8 processors are logically available.
Processor type: x86_64h (Intel x86-64h Haswell)
Processors active: 0 1 2 3 4 5 6 7
Primary memory available: 16.00 gigabytes
Default processor set: 294 tasks, 1724 threads, 8 processors
Load average: 1.98, Mach factor: 6.00
/bin/machine           = unknown
/usr/bin/oslevel       = unknown
/bin/universe          = unknown

PATH: /usr/local/sbin
PATH: /usr/local/bin
PATH: /usr/bin
PATH: /bin
PATH: /usr/sbin
PATH: /sbin
PATH: /opt/X11/bin
PATH: /Users/pillar/code/apache-maven-3.3.3/bin


## ----------- ##
## Core tests. ##
## ----------- ##

configure:2311: checking for gcc
configure:2327: found /usr/bin/gcc
configure:2338: result: gcc
configure:2567: checking for C compiler version
configure:2576: gcc --version >&5
Apple LLVM version 7.3.0 (clang-703.0.29)
Target: x86_64-apple-darwin15.0.0
Thread model: posix
InstalledDir: /Applications/Xcode.app/Contents/Developer/Toolchains/XcodeDefault.xctoolchain/usr/bin
Configured with: --prefix=/Applications/Xcode.app/Contents/Developer/usr --with-gxx-include-dir=/usr/include/c++/4.2.1
configure:2587: $? = 0
configure:2576: gcc -v >&5
Configured with: --prefix=/Applications/Xcode.app/Contents/Developer/usr --with-gxx-include-dir=/usr/include/c++/4.2.1
Apple LLVM version 7.3.0 (clang-703.0.29)
Target: x86_64-apple-darwin15.0.0
Thread model: posix
InstalledDir: /Applications/Xcode.app/Contents/Developer/Toolchains/XcodeDefault.xctoolchain/usr/bin
configure:2587: $? = 0
configure:2576: gcc -V >&5
clang: error: argument to '-V' is missing (expected 1 value)
clang: error: no input files
configure:2587: $? = 1
configure:2576: gcc -qversion >&5
clang: error: unknown argument: '-qversion'
clang: error: no input files
configure:2587: $? = 1
configure:2607: checking whether the C compiler works
configure:2629: gcc    conftest.c  >&5
configure:2633: $? = 0
configure:2681: result: yes
configure:2684: checking for C compiler default output file name
configure:2686: result: a.out
configure:2692: checking for suffix of executables
configure:2699: gcc -o conftest    conftest.c  >&5
configure:2703: $? = 0
configure:2725: result: 
configure:2747: checking whether we are cross compiling
configure:2755: gcc -o conftest    conftest.c  >&5
configure:2759: $? = 0
configure:2766: ./conftest
configure:2770: $? = 0
configure:2785: result: no
configure:2790: checking for suffix of object files
configure:2812: gcc -c   conftest.c >&5
configure:2816: $? = 0
configure:2837: result: o
configure:2841: checking whether we are using the GNU C compiler
configure:2860: gcc -c   conftest.c >&5
configure:2860: $? = 0
configure:2869: result: yes
configure:2878: checking whether gcc accepts -g
configure:2898: gcc -c -g  conftest.c >&5
configure:2898: $? = 0
configure:2939: result: yes
configure:2956: checking for gcc option to accept ISO C89
configure:3019: gcc  -c -g -O2  conftest.c >&5
configure:3019: $? = 0
configure:3032: result: none needed
configure:3057: checking whether gcc understands -c and -o together
configure:3079: gcc -c conftest.c -o conftest2.o
configure:3082: $? = 0
configure:3079: gcc -c conftest.c -o conftest2.o
configure:3082: $? = 0
configure:3094: result: yes
configure:3161: checking for ar
configure:3177: found /usr/bin/ar
configure:3188: result: ar
configure:3214: checking the archiver (ar) interface
configure:3230: gcc -c -g -O2  conftest.c >&5
configure:3230: $? = 0
configure:3232: ar cru libconftest.a conftest.o >&5
configure:3235: $? = 0
configure:3263: result: ar
configure:3336: checking for a BSD-compatible install
configure:3404: result: /usr/bin/install -c
configure:3415: checking whether build environment is sane
configure:3470: result: yes
configure:3505: WARNING: 'missing' script is too old or missing
configure:3618: checking for a thread-safe mkdir -p
configure:3657: result: build-aux/install-sh -c -d
configure:3664: checking for gawk
configure:3694: result: no
configure:3664: checking for mawk
configure:3694: result: no
configure:3664: checking for nawk
configure:3694: result: no
configure:3664: checking for awk
configure:3680: found /usr/bin/awk
configure:3691: result: awk
configure:3702: checking whether make sets $(MAKE)
configure:3724: result: yes
configure:3754: checking for style of include used by make
configure:3782: result: GNU
configure:3816: checking whether make supports nested variables
configure:3833: result: yes
configure:3918: checking dependency style of gcc
configure:4029: result: gcc3
configure:4137: checking for gcc
configure:4164: result: gcc
configure:4393: checking for C compiler version
configure:4402: gcc --version >&5
Apple LLVM version 7.3.0 (clang-703.0.29)
Target: x86_64-apple-darwin15.0.0
Thread model: posix
InstalledDir: /Applications/Xcode.app/Contents/Developer/Toolchains/XcodeDefault.xctoolchain/usr/bin
Configured with: --prefix=/Applications/Xcode.app/Contents/Developer/usr --with-gxx-include-dir=/usr/include/c++/4.2.1
configure:4413: $? = 0
configure:4402: gcc -v >&5
Configured with: --prefix=/Applications/Xcode.app/Contents/Developer/usr --with-gxx-include-dir=/usr/include/c++/4.2.1
Apple LLVM version 7.3.0 (clang-703.0.29)
Target: x86_64-apple-darwin15.0.0
Thread model: posix
InstalledDir: /Applications/Xcode.app/Contents/Developer/Toolchains/XcodeDefault.xctoolchain/usr/bin
configure:4413: $? = 0
configure:4402: gcc -V >&5
clang: error: argument to '-V' is missing (expected 1 value)
clang: error: no input files
configure:4413: $? = 1
configure:4402: gcc -qversion >&5
clang: error: unknown argument: '-qversion'
clang: error: no input files
configure:4413: $? = 1
configure:4417: checking whether we are using the GNU C compiler
configure:4445: result: yes
configure:4454: checking whether gcc accepts -g
configure:4515: result: yes
configure:4532: checking for gcc option to accept ISO C89
configure:4608: result: none needed
configure:4633: checking whether gcc understands -c and -o together
configure:4670: result: yes
configure:4716: checking build system type
configure:4730: result: x86_64-apple-darwin15.0.0
configure:4750: checking host system type
configure:4763: result: x86_64-apple-darwin15.0.0
configure:4804: checking how to print strings
configure:4831: result: printf
configure:4852: checking for a sed that does not truncate output
configure:4916: result: /usr/bin/sed
configure:4934: checking for grep that handles long lines and -e
configure:4992: result: /usr/bin/grep
configure:4997: checking for egrep
configure:5059: result: /usr/bin/grep -E
configure:5064: checking for fgrep
configure:5126: result: /usr/bin/grep -F
configure:5161: checking for ld used by gcc
configure:5228: result: /Applications/Xcode.app/Contents/Developer/Toolchains/XcodeDefault.xctoolchain/usr/bin/ld
configure:5235: checking if the linker (/Applications/Xcode.app/Contents/Developer/Toolchains/XcodeDefault.xctoolchain/usr/bin/ld) is GNU ld
configure:5250: result: no
configure:5262: checking for BSD- or MS-compatible name lister (nm)
configure:5316: result: /usr/bin/nm -B
configure:5446: checking the name lister (/usr/bin/nm -B) interface
configure:5453: gcc -c -g -O2  conftest.c >&5
configure:5456: /usr/bin/nm -B "conftest.o"
configure:5459: output
00000000000001fc S _some_variable
configure:5466: result: BSD nm
configure:5469: checking whether ln -s works
configure:5473: result: yes
configure:5481: checking the maximum length of command line arguments
configure:5612: result: 196608
configure:5660: checking how to convert x86_64-apple-darwin15.0.0 file names to x86_64-apple-darwin15.0.0 format
configure:5700: result: func_convert_file_noop
configure:5707: checking how to convert x86_64-apple-darwin15.0.0 file names to toolchain format
configure:5727: result: func_convert_file_noop
configure:5734: checking for /Applications/Xcode.app/Contents/Developer/Toolchains/XcodeDefault.xctoolchain/usr/bin/ld option to reload object files
configure:5741: result: -r
configure:5815: checking for objdump
configure:5845: result: no
configure:5874: checking how to recognize dependent libraries
configure:6074: result: pass_all
configure:6159: checking for dlltool
configure:6189: result: no
configure:6219: checking how to associate runtime and link libraries
configure:6246: result: printf %s\n
configure:6370: checking for archiver @FILE support
configure:6387: gcc -c -g -O2  conftest.c >&5
configure:6387: $? = 0
configure:6390: ar cru libconftest.a @conftest.lst >&5
ar: @conftest.lst: No such file or directory
configure:6393: $? = 1
configure:6413: result: no
configure:6471: checking for strip
configure:6487: found /usr/bin/strip
configure:6498: result: strip
configure:6570: checking for ranlib
configure:6586: found /usr/bin/ranlib
configure:6597: result: ranlib
configure:6699: checking command to parse /usr/bin/nm -B output from gcc object
configure:6852: gcc -c -g -O2  conftest.c >&5
configure:6855: $? = 0
configure:6859: /usr/bin/nm -B conftest.o \| sed -n -e 's/^.*[ ]\([BCDEGRST][BCDEGRST]*\)[ ][ ]*\([_A-Za-z][_A-Za-z0-9]*\)$/\1 \2 \2/p' | sed '/ __gnu_lto/d' \> conftest.nm
configure:6862: $? = 0
cannot find nm_test_var in conftest.nm
configure:6852: gcc -c -g -O2  conftest.c >&5
configure:6855: $? = 0
configure:6859: /usr/bin/nm -B conftest.o \| sed -n -e 's/^.*[ ]\([BCDEGRST][BCDEGRST]*\)[ ][ ]*_\([_A-Za-z][_A-Za-z0-9]*\)$/\1 _\2 \2/p' | sed '/ __gnu_lto/d' \> conftest.nm
configure:6862: $? = 0
configure:6928: gcc -o conftest -g -O2   conftest.c conftstm.o >&5
warning: (x86_64)  could not find object file symbol for symbol _main
configure:6931: $? = 0
configure:6969: result: ok
configure:7016: checking for sysroot
configure:7046: result: no
configure:7053: checking for a working dd
configure:7091: result: /bin/dd
configure:7095: checking how to truncate binary pipes
configure:7110: result: /bin/dd bs=4096 count=1
configure:7439: checking for mt
configure:7469: result: no
configure:7489: checking if : is a manifest tool
configure:7495: : '-?'
configure:7503: result: no
configure:7559: checking for dsymutil
configure:7575: found /usr/bin/dsymutil
configure:7586: result: dsymutil
configure:7651: checking for nmedit
configure:7667: found /usr/bin/nmedit
configure:7678: result: nmedit
configure:7743: checking for lipo
configure:7759: found /usr/bin/lipo
configure:7770: result: lipo
configure:7835: checking for otool
configure:7851: found /usr/bin/otool
configure:7862: result: otool
configure:7927: checking for otool64
configure:7957: result: no
configure:8002: checking for -single_module linker flag
gcc -g -O2  -o libconftest.dylib -dynamiclib -Wl,-single_module conftest.c
configure:8035: result: yes
configure:8038: checking for -exported_symbols_list linker flag
configure:8058: gcc -o conftest -g -O2   -Wl,-exported_symbols_list,conftest.sym conftest.c  >&5
configure:8058: $? = 0
configure:8068: result: yes
configure:8071: checking for -force_load linker flag
gcc -g -O2 -c -o conftest.o conftest.c
ar cru libconftest.a conftest.o
ranlib libconftest.a
gcc -g -O2  -o conftest conftest.c -Wl,-force_load,./libconftest.a
configure:8103: result: yes
configure:8180: checking how to run the C preprocessor
configure:8211: gcc -E  conftest.c
configure:8211: $? = 0
configure:8225: gcc -E  conftest.c
conftest.c:11:10: fatal error: 'ac_nonexistent.h' file not found
#include <ac_nonexistent.h>
         ^
1 error generated.
configure:8225: $? = 1
configure: failed program was:
| /* confdefs.h */
| #define PACKAGE_NAME "Roman Numerals"
| #define PACKAGE_TARNAME "roman-numerals"
| #define PACKAGE_VERSION "1.0"
| #define PACKAGE_STRING "Roman Numerals 1.0"
| #define PACKAGE_BUGREPORT "check-devel AT lists.sourceforge.net"
| #define PACKAGE_URL ""
| #define PACKAGE "roman-numerals"
| #define VERSION "1.0"
| /* end confdefs.h.  */
| #include <ac_nonexistent.h>
configure:8250: result: gcc -E
configure:8270: gcc -E  conftest.c
configure:8270: $? = 0
configure:8284: gcc -E  conftest.c
conftest.c:11:10: fatal error: 'ac_nonexistent.h' file not found
#include <ac_nonexistent.h>
         ^
1 error generated.
configure:8284: $? = 1
configure: failed program was:
| /* confdefs.h */
| #define PACKAGE_NAME "Roman Numerals"
| #define PACKAGE_TARNAME "roman-numerals"
| #define PACKAGE_VERSION "1.0"
| #define PACKAGE_STRING "Roman Numerals 1.0"
| #define PACKAGE_BUGREPORT "check-devel AT lists.sourceforge.net"
| #define PACKAGE_URL ""
| #define PACKAGE "roman-numerals"
| #define VERSION "1.0"
| /* end confdefs.h.  */
| #include <ac_nonexistent.h>
configure:8313: checking for ANSI C header files
configure:8333: gcc -c -g -O2  conftest.c >&5
configure:8333: $? = 0
configure:8406: gcc -o conftest -g -O2   conftest.c  >&5
configure:8406: $? = 0
configure:8406: ./conftest
configure:8406: $? = 0
configure:8417: result: yes
configure:8430: checking for sys/types.h
configure:8430: gcc -c -g -O2  conftest.c >&5
configure:8430: $? = 0
configure:8430: result: yes
configure:8430: checking for sys/stat.h
configure:8430: gcc -c -g -O2  conftest.c >&5
configure:8430: $? = 0
configure:8430: result: yes
configure:8430: checking for stdlib.h
configure:8430: gcc -c -g -O2  conftest.c >&5
configure:8430: $? = 0
configure:8430: result: yes
configure:8430: checking for string.h
configure:8430: gcc -c -g -O2  conftest.c >&5
configure:8430: $? = 0
configure:8430: result: yes
configure:8430: checking for memory.h
configure:8430: gcc -c -g -O2  conftest.c >&5
configure:8430: $? = 0
configure:8430: result: yes
configure:8430: checking for strings.h
configure:8430: gcc -c -g -O2  conftest.c >&5
configure:8430: $? = 0
configure:8430: result: yes
configure:8430: checking for inttypes.h
configure:8430: gcc -c -g -O2  conftest.c >&5
configure:8430: $? = 0
configure:8430: result: yes
configure:8430: checking for stdint.h
configure:8430: gcc -c -g -O2  conftest.c >&5
configure:8430: $? = 0
configure:8430: result: yes
configure:8430: checking for unistd.h
configure:8430: gcc -c -g -O2  conftest.c >&5
configure:8430: $? = 0
configure:8430: result: yes
configure:8444: checking for dlfcn.h
configure:8444: gcc -c -g -O2  conftest.c >&5
configure:8444: $? = 0
configure:8444: result: yes
configure:8700: checking for objdir
configure:8715: result: .libs
configure:8975: checking if gcc supports -fno-rtti -fno-exceptions
configure:8993: gcc -c -g -O2  -fno-rtti -fno-exceptions conftest.c >&5
configure:8997: $? = 0
configure:9010: result: yes
configure:9368: checking for gcc option to produce PIC
configure:9375: result: -fno-common -DPIC
configure:9383: checking if gcc PIC flag -fno-common -DPIC works
configure:9401: gcc -c -g -O2  -fno-common -DPIC -DPIC conftest.c >&5
configure:9405: $? = 0
configure:9418: result: yes
configure:9447: checking if gcc static flag -static works
configure:9475: result: no
configure:9490: checking if gcc supports -c -o file.o
configure:9511: gcc -c -g -O2  -o out/conftest2.o conftest.c >&5
configure:9515: $? = 0
configure:9537: result: yes
configure:9545: checking if gcc supports -c -o file.o
configure:9592: result: yes
configure:9625: checking whether the gcc linker (/Applications/Xcode.app/Contents/Developer/Toolchains/XcodeDefault.xctoolchain/usr/bin/ld) supports shared libraries
configure:10884: result: yes
configure:11124: checking dynamic linker characteristics
configure:11942: result: darwin15.0.0 dyld
configure:12064: checking how to hardcode library paths into programs
configure:12089: result: immediate
configure:12637: checking whether stripping libraries is possible
configure:12651: result: yes
configure:12677: checking if libtool supports shared libraries
configure:12679: result: yes
configure:12682: checking whether to build shared libraries
configure:12707: result: yes
configure:12710: checking whether to build static libraries
configure:12714: result: yes
configure:12808: checking for pkg-config
configure:12826: found /usr/local/bin/pkg-config
configure:12838: result: /usr/local/bin/pkg-config
configure:12863: checking pkg-config is at least version 0.9.0
configure:12866: result: yes
configure:12876: checking for CHECK
configure:12883: $PKG_CONFIG --exists --print-errors "check >= 0.9.6"
configure:12886: $? = 0
configure:12900: $PKG_CONFIG --exists --print-errors "check >= 0.9.6"
configure:12903: $? = 0
configure:12961: result: yes
configure:12968: checking for ANSI C header files
configure:13072: result: yes
configure:13082: checking for stdlib.h
configure:13082: result: yes
configure:13098: checking for stdlib.h
configure:13098: result: yes
configure:13108: checking for GNU libc compatible malloc
configure:13132: gcc -o conftest -g -O2   conftest.c  >&5
configure:13132: $? = 0
configure:13132: ./conftest
configure:13132: $? = 0
configure:13142: result: yes
configure:13280: checking that generated files are newer than configure
configure:13286: result: done
configure:13309: creating ./config.status

## ---------------------- ##
## Running config.status. ##
## ---------------------- ##

This file was extended by Roman Numerals config.status 1.0, which was
generated by GNU Autoconf 2.69.  Invocation command line was

  CONFIG_FILES    = 
  CONFIG_HEADERS  = 
  CONFIG_LINKS    = 
  CONFIG_COMMANDS = 
  $ ./config.status 

on PillartlogysMBP.PK5001Z

config.status:1091: creating Makefile
config.status:1091: creating src/Makefile
config.status:1091: creating tests/Makefile
config.status:1091: creating config.h
config.status:1320: executing depfiles commands
config.status:1320: executing libtool commands

## ---------------- ##
## Cache variables. ##
## ---------------- ##

ac_cv_build=x86_64-apple-darwin15.0.0
ac_cv_c_compiler_gnu=yes
ac_cv_env_CC_set=
ac_cv_env_CC_value=
ac_cv_env_CFLAGS_set=
ac_cv_env_CFLAGS_value=
ac_cv_env_CHECK_CFLAGS_set=
ac_cv_env_CHECK_CFLAGS_value=
ac_cv_env_CHECK_LIBS_set=
ac_cv_env_CHECK_LIBS_value=
ac_cv_env_CPPFLAGS_set=
ac_cv_env_CPPFLAGS_value=
ac_cv_env_CPP_set=
ac_cv_env_CPP_value=
ac_cv_env_LDFLAGS_set=
ac_cv_env_LDFLAGS_value=
ac_cv_env_LIBS_set=
ac_cv_env_LIBS_value=
ac_cv_env_LT_SYS_LIBRARY_PATH_set=
ac_cv_env_LT_SYS_LIBRARY_PATH_value=
ac_cv_env_PKG_CONFIG_LIBDIR_set=
ac_cv_env_PKG_CONFIG_LIBDIR_value=
ac_cv_env_PKG_CONFIG_PATH_set=
ac_cv_env_PKG_CONFIG_PATH_value=
ac_cv_env_PKG_CONFIG_set=
ac_cv_env_PKG_CONFIG_value=
ac_cv_env_build_alias_set=
ac_cv_env_build_alias_value=
ac_cv_env_host_alias_set=
ac_cv_env_host_alias_value=
ac_cv_env_target_alias_set=
ac_cv_env_target_alias_value=
ac_cv_func_malloc_0_nonnull=yes
ac_cv_header_dlfcn_h=yes
ac_cv_header_inttypes_h=yes
ac_cv_header_memory_h=yes
ac_cv_header_stdc=yes
ac_cv_header_stdint_h=yes
ac_cv_header_stdlib_h=yes
ac_cv_header_string_h=yes
ac_cv_header_strings_h=yes
ac_cv_header_sys_stat_h=yes
ac_cv_header_sys_types_h=yes
ac_cv_header_unistd_h=yes
ac_cv_host=x86_64-apple-darwin15.0.0
ac_cv_objext=o
ac_cv_path_EGREP='/usr/bin/grep -E'
ac_cv_path_FGREP='/usr/bin/grep -F'
ac_cv_path_GREP=/usr/bin/grep
ac_cv_path_SED=/usr/bin/sed
ac_cv_path_ac_pt_PKG_CONFIG=/usr/local/bin/pkg-config
ac_cv_path_install='/usr/bin/install -c'
ac_cv_path_lt_DD=/bin/dd
ac_cv_prog_AWK=awk
ac_cv_prog_CPP='gcc -E'
ac_cv_prog_ac_ct_AR=ar
ac_cv_prog_ac_ct_CC=gcc
ac_cv_prog_ac_ct_DSYMUTIL=dsymutil
ac_cv_prog_ac_ct_LIPO=lipo
ac_cv_prog_ac_ct_NMEDIT=nmedit
ac_cv_prog_ac_ct_OTOOL=otool
ac_cv_prog_ac_ct_RANLIB=ranlib
ac_cv_prog_ac_ct_STRIP=strip
ac_cv_prog_cc_c89=
ac_cv_prog_cc_g=yes
ac_cv_prog_make_make_set=yes
am_cv_CC_dependencies_compiler_type=gcc3
am_cv_ar_interface=ar
am_cv_make_support_nested_variables=yes
am_cv_prog_cc_c_o=yes
lt_cv_apple_cc_single_mod=yes
lt_cv_ar_at_file=no
lt_cv_deplibs_check_method=pass_all
lt_cv_file_magic_cmd='$MAGIC_CMD'
lt_cv_file_magic_test_file=
lt_cv_ld_exported_symbols_list=yes
lt_cv_ld_force_load=yes
lt_cv_ld_reload_flag=-r
lt_cv_nm_interface='BSD nm'
lt_cv_objdir=.libs
lt_cv_path_LD=/Applications/Xcode.app/Contents/Developer/Toolchains/XcodeDefault.xctoolchain/usr/bin/ld
lt_cv_path_NM='/usr/bin/nm -B'
lt_cv_path_mainfest_tool=no
lt_cv_prog_compiler_c_o=yes
lt_cv_prog_compiler_pic='-fno-common -DPIC'
lt_cv_prog_compiler_pic_works=yes
lt_cv_prog_compiler_rtti_exceptions=yes
lt_cv_prog_compiler_static_works=no
lt_cv_prog_gnu_ld=no
lt_cv_sharedlib_from_linklib_cmd='printf %s\n'
lt_cv_sys_global_symbol_pipe='sed -n -e '\''s/^.*[	 ]\([BCDEGRST][BCDEGRST]*\)[	 ][	 ]*_\([_A-Za-z][_A-Za-z0-9]*\)$/\1 _\2 \2/p'\'' | sed '\''/ __gnu_lto/d'\'''
lt_cv_sys_global_symbol_to_c_name_address='sed -n -e '\''s/^: \(.*\) .*$/  {"\1", (void *) 0},/p'\'' -e '\''s/^[BCDEGRST][BCDEGRST]* .* \(.*\)$/  {"\1", (void *) \&\1},/p'\'''
lt_cv_sys_global_symbol_to_c_name_address_lib_prefix='sed -n -e '\''s/^: \(.*\) .*$/  {"\1", (void *) 0},/p'\'' -e '\''s/^[BCDEGRST][BCDEGRST]* .* \(lib.*\)$/  {"\1", (void *) \&\1},/p'\'' -e '\''s/^[BCDEGRST][BCDEGRST]* .* \(.*\)$/  {"lib\1", (void *) \&\1},/p'\'''
lt_cv_sys_global_symbol_to_cdecl='sed -n -e '\''s/^T .* \(.*\)$/extern int \1();/p'\'' -e '\''s/^[BCDEGRST][BCDEGRST]* .* \(.*\)$/extern char \1;/p'\'''
lt_cv_sys_global_symbol_to_import=
lt_cv_sys_max_cmd_len=196608
lt_cv_to_host_file_cmd=func_convert_file_noop
lt_cv_to_tool_file_cmd=func_convert_file_noop
lt_cv_truncate_bin='/bin/dd bs=4096 count=1'
pkg_cv_CHECK_CFLAGS='-D_THREAD_SAFE -I/usr/local/Cellar/check/0.10.0/include'
pkg_cv_CHECK_LIBS='-L/usr/local/Cellar/check/0.10.0/lib -lcheck'

## ----------------- ##
## Output variables. ##
## ----------------- ##

ACLOCAL='aclocal-1.15'
AMDEPBACKSLASH='\'
AMDEP_FALSE='#'
AMDEP_TRUE=''
AMTAR='$${TAR-tar}'
AM_BACKSLASH='\'
AM_DEFAULT_V='$(AM_DEFAULT_VERBOSITY)'
AM_DEFAULT_VERBOSITY='1'
AM_V='$(V)'
AR='ar'
AUTOCONF='autoconf'
AUTOHEADER='autoheader'
AUTOMAKE='automake-1.15'
AWK='awk'
CC='gcc'
CCDEPMODE='depmode=gcc3'
CFLAGS='-g -O2'
CHECK_CFLAGS='-D_THREAD_SAFE -I/usr/local/Cellar/check/0.10.0/include'
CHECK_LIBS='-L/usr/local/Cellar/check/0.10.0/lib -lcheck'
CPP='gcc -E'
CPPFLAGS=''
CYGPATH_W='echo'
DEFS='-DHAVE_CONFIG_H'
DEPDIR='.deps'
DLLTOOL='false'
DSYMUTIL='dsymutil'
DUMPBIN=''
ECHO_C='\c'
ECHO_N=''
ECHO_T=''
EGREP='/usr/bin/grep -E'
EXEEXT=''
FGREP='/usr/bin/grep -F'
GREP='/usr/bin/grep'
INSTALL_DATA='${INSTALL} -m 644'
INSTALL_PROGRAM='${INSTALL}'
INSTALL_SCRIPT='${INSTALL}'
INSTALL_STRIP_PROGRAM='$(install_sh) -c -s'
LD='/Applications/Xcode.app/Contents/Developer/Toolchains/XcodeDefault.xctoolchain/usr/bin/ld'
LDFLAGS=''
LIBOBJS=''
LIBS=''
LIBTOOL='$(SHELL) $(top_builddir)/libtool'
LIPO='lipo'
LN_S='ln -s'
LTLIBOBJS=''
LT_SYS_LIBRARY_PATH=''
MAKEINFO='makeinfo'
MANIFEST_TOOL=':'
MKDIR_P='build-aux/install-sh -c -d'
NM='/usr/bin/nm -B'
NMEDIT='nmedit'
OBJDUMP='false'
OBJEXT='o'
OTOOL64=':'
OTOOL='otool'
PACKAGE='roman-numerals'
PACKAGE_BUGREPORT='check-devel AT lists.sourceforge.net'
PACKAGE_NAME='Roman Numerals'
PACKAGE_STRING='Roman Numerals 1.0'
PACKAGE_TARNAME='roman-numerals'
PACKAGE_URL=''
PACKAGE_VERSION='1.0'
PATH_SEPARATOR=':'
PKG_CONFIG='/usr/local/bin/pkg-config'
PKG_CONFIG_LIBDIR=''
PKG_CONFIG_PATH=''
RANLIB='ranlib'
SED='/usr/bin/sed'
SET_MAKE=''
SHELL='/bin/sh'
STRIP='strip'
VERSION='1.0'
ac_ct_AR='ar'
ac_ct_CC='gcc'
ac_ct_DUMPBIN=''
am__EXEEXT_FALSE=''
am__EXEEXT_TRUE='#'
am__fastdepCC_FALSE='#'
am__fastdepCC_TRUE=''
am__include='include'
am__isrc=''
am__leading_dot='.'
am__nodep='_no'
am__quote=''
am__tar='$${TAR-tar} chof - "$$tardir"'
am__untar='$${TAR-tar} xf -'
bindir='${exec_prefix}/bin'
build='x86_64-apple-darwin15.0.0'
build_alias=''
build_cpu='x86_64'
build_os='darwin15.0.0'
build_vendor='apple'
datadir='${datarootdir}'
datarootdir='${prefix}/share'
docdir='${datarootdir}/doc/${PACKAGE_TARNAME}'
dvidir='${docdir}'
exec_prefix='${prefix}'
host='x86_64-apple-darwin15.0.0'
host_alias=''
host_cpu='x86_64'
host_os='darwin15.0.0'
host_vendor='apple'
htmldir='${docdir}'
includedir='${prefix}/include'
infodir='${datarootdir}/info'
install_sh='${SHELL} /Users/pillar/ClionProjects/RomanNumeralsKata/install-sh'
libdir='${exec_prefix}/lib'
libexecdir='${exec_prefix}/libexec'
localedir='${datarootdir}/locale'
localstatedir='${prefix}/var'
mandir='${datarootdir}/man'
mkdir_p='$(MKDIR_P)'
oldincludedir='/usr/include'
pdfdir='${docdir}'
prefix='/usr/local'
program_transform_name='s,x,x,'
psdir='${docdir}'
sbindir='${exec_prefix}/sbin'
sharedstatedir='${prefix}/com'
sysconfdir='${prefix}/etc'
target_alias=''

## ----------- ##
## confdefs.h. ##
## ----------- ##

/* confdefs.h */
#define PACKAGE_NAME "Roman Numerals"
#define PACKAGE_TARNAME "roman-numerals"
#define PACKAGE_VERSION "1.0"
#define PACKAGE_STRING "Roman Numerals 1.0"
#define PACKAGE_BUGREPORT "check-devel AT lists.sourceforge.net"
#define PACKAGE_URL ""
#define PACKAGE "roman-numerals"
#define VERSION "1.0"
#define STDC_HEADERS 1
#define HAVE_SYS_TYPES_H 1
#define HAVE_SYS_STAT_H 1
#define HAVE_STDLIB_H 1
#define HAVE_STRING_H 1
#define HAVE_MEMORY_H 1
#define HAVE_STRINGS_H 1
#define HAVE_INTTYPES_H 1
#define HAVE_STDINT_H 1
#define HAVE_UNISTD_H 1
#define HAVE_DLFCN_H 1
#define LT_OBJDIR ".libs/"
#define STDC_HEADERS 1
#define HAVE_STDLIB_H 1
#define HAVE_STDLIB_H 1
#define HAVE_MALLOC 1

configure: exit 0
